[debug] [2021-11-11T10:42:47.015Z] ----------------------------------------------------------------------
[debug] [2021-11-11T10:42:47.017Z] Command:       C:\Program Files\nodejs\node.exe C:\Users\Alexandru\AppData\Roaming\npm\node_modules\firebase-tools\lib\bin\firebase.js init
[debug] [2021-11-11T10:42:47.018Z] CLI Version:   9.22.0
[debug] [2021-11-11T10:42:47.018Z] Platform:      win32
[debug] [2021-11-11T10:42:47.018Z] Node Version:  v16.13.0
[debug] [2021-11-11T10:42:47.019Z] Time:          Thu Nov 11 2021 12:42:47 GMT+0200 (Eastern European Standard Time)
[debug] [2021-11-11T10:42:47.019Z] ----------------------------------------------------------------------
[debug] 
[debug] [2021-11-11T10:42:47.070Z] > command requires scopes: ["email","openid","https://www.googleapis.com/auth/cloudplatformprojects.readonly","https://www.googleapis.com/auth/firebase","https://www.googleapis.com/auth/cloud-platform"]
[debug] [2021-11-11T10:42:47.070Z] > authorizing via signed-in user (alex@spikeup.com)
[info] 
     ######## #### ########  ######## ########     ###     ######  ########
     ##        ##  ##     ## ##       ##     ##  ##   ##  ##       ##
     ######    ##  ########  ######   ########  #########  ######  ######
     ##        ##  ##    ##  ##       ##     ## ##     ##       ## ##
     ##       #### ##     ## ######## ########  ##     ##  ######  ########

You're about to initialize a Firebase project in this directory:

  C:\Users\Alexandru

Before we get started, keep in mind:

  * You are initializing within an existing Firebase project directory

[debug] [2021-11-11T10:47:13.155Z] ----------------------------------------------------------------------
[debug] [2021-11-11T10:47:13.157Z] Command:       C:\Program Files\nodejs\node.exe C:\Users\Alexandru\AppData\Roaming\npm\node_modules\firebase-tools\lib\bin\firebase.js init
[debug] [2021-11-11T10:47:13.158Z] CLI Version:   9.22.0
[debug] [2021-11-11T10:47:13.158Z] Platform:      win32
[debug] [2021-11-11T10:47:13.158Z] Node Version:  v16.13.0
[debug] [2021-11-11T10:47:13.159Z] Time:          Thu Nov 11 2021 12:47:13 GMT+0200 (Eastern European Standard Time)
[debug] [2021-11-11T10:47:13.159Z] ----------------------------------------------------------------------
[debug] 
[debug] [2021-11-11T10:47:13.212Z] > command requires scopes: ["email","openid","https://www.googleapis.com/auth/cloudplatformprojects.readonly","https://www.googleapis.com/auth/firebase","https://www.googleapis.com/auth/cloud-platform"]
[debug] [2021-11-11T10:47:13.213Z] > authorizing via signed-in user (alex@spikeup.com)
[info] 
     ######## #### ########  ######## ########     ###     ######  ########
     ##        ##  ##     ## ##       ##     ##  ##   ##  ##       ##
     ######    ##  ########  ######   ########  #########  ######  ######
     ##        ##  ##    ##  ##       ##     ## ##     ##       ## ##
     ##       #### ##     ## ######## ########  ##     ##  ######  ########

You're about to initialize a Firebase project in this directory:

  C:\Users\Alexandru

Before we get started, keep in mind:

  * You are initializing within an existing Firebase project directory

